<?xml version="1.0" encoding="UTF-8"?>
<testsuite xmlns:xsi="http://www.w3.org/2001/XMLSchema-instance" xsi:noNamespaceSchemaLocation="https://maven.apache.org/surefire/maven-surefire-plugin/xsd/surefire-test-report-3.0.xsd" version="3.0" name="backend.BackendApplicationTests" time="5.549" tests="1" errors="0" skipped="0" failures="0">
  <properties>
[...]
</properties>
  <testcase name="contextLoads" classname="backend.BackendApplicationTests" time="0.866">
    <system-out><![CDATA[09:55:12.302 [main] INFO org.springframework.test.context.support.AnnotationConfigContextLoaderUtils -- Could not detect default configuration classes for test class [backend.BackendApplicationTests]: BackendApplicationTests does not declare any static, non-private, non-final, nested classes annotated with @Configuration.
09:55:12.404 [main] INFO org.springframework.boot.test.context.SpringBootTestContextBootstrapper -- Found @SpringBootConfiguration backend.BackendApplication for test class backend.BackendApplicationTests
09:55:12.548 [main] INFO org.springframework.boot.devtools.restart.RestartApplicationListener -- Restart disabled due to context in which it is running

  .   ____          _            __ _ _
 /\\ / ___'_ __ _ _(_)_ __  __ _ \ \ \ \
( ( )\___ | '_ | '_| | '_ \/ _` | \ \ \ \
 \\/  ___)| |_)| | | | | || (_| |  ) ) ) )
  '  |____| .__|_| |_|_| |_\__, | / / / /
 =========|_|==============|___/=/_/_/_/
 :: Spring Boot ::                (v3.2.5)

2026-04-28T09:55:12.793+05:30  INFO 4004 --- [backend] [           main] backend.BackendApplicationTests          : Starting BackendApplicationTests using Java 23.0.2 with PID 4004 (started by ADMIN in D:\SLIIT\Academics\Y3S1\PAF\Achindus_Project\Project\PAFProject\backend)
2026-04-28T09:55:12.794+05:30  INFO 4004 --- [backend] [           main] backend.BackendApplicationTests          : No active profile set, falling back to 1 default profile: "default"
2026-04-28T09:55:13.628+05:30  INFO 4004 --- [backend] [           main] .s.d.r.c.RepositoryConfigurationDelegate : Bootstrapping Spring Data MongoDB repositories in DEFAULT mode.
2026-04-28T09:55:13.741+05:30  INFO 4004 --- [backend] [           main] .s.d.r.c.RepositoryConfigurationDelegate : Finished Spring Data repository scanning in 109 ms. Found 9 MongoDB repository interfaces.
2026-04-28T09:55:15.415+05:30  INFO 4004 --- [backend] [           main] org.mongodb.driver.client                : MongoClient with metadata {"driver": {"name": "mongo-java-driver|sync", "version": "4.11.2"}, "os": {"type": "Windows", "name": "Windows 11", "architecture": "amd64", "version": "10.0"}, "platform": "Java/Oracle Corporation/23.0.2+7-58"} created with settings MongoClientSettings{readPreference=primary, writeConcern=WriteConcern{w=majority, wTimeout=null ms, journal=null}, retryWrites=true, retryReads=true, readConcern=ReadConcern{level=null}, credential=MongoCredential{mechanism=null, userName='ridmamongodb', source='admin', password=<hidden>, mechanismProperties=<hidden>}, transportSettings=null, streamFactoryFactory=null, commandListeners=[], codecRegistry=ProvidersCodecRegistry{codecProviders=[ValueCodecProvider{}, BsonValueCodecProvider{}, DBRefCodecProvider{}, DBObjectCodecProvider{}, DocumentCodecProvider{}, CollectionCodecProvider{}, IterableCodecProvider{}, MapCodecProvider{}, GeoJsonCodecProvider{}, GridFSFileCodecProvider{}, Jsr310CodecProvider{}, JsonObjectCodecProvider{}, BsonCodecProvider{}, EnumCodecProvider{}, com.mongodb.client.model.mql.ExpressionCodecProvider@eed890d, com.mongodb.Jep395RecordCodecProvider@10f477e2, com.mongodb.KotlinCodecProvider@6097fca9]}, loggerSettings=LoggerSettings{maxDocumentLength=1000}, clusterSettings={hosts=[127.0.0.1:27017], srvHost=cluster0.ampjh7o.mongodb.net, srvServiceName=mongodb, mode=MULTIPLE, requiredClusterType=REPLICA_SET, requiredReplicaSetName='atlas-iytn6p-shard-0', serverSelector='null', clusterListeners='[]', serverSelectionTimeout='30000 ms', localThreshold='15 ms'}, socketSettings=SocketSettings{connectTimeoutMS=10000, readTimeoutMS=0, receiveBufferSize=0, proxySettings=ProxySettings{host=null, port=null, username=null, password=null}}, heartbeatSocketSettings=SocketSettings{connectTimeoutMS=10000, readTimeoutMS=10000, receiveBufferSize=0, proxySettings=ProxySettings{host=null, port=null, username=null, password=null}}, connectionPoolSettings=ConnectionPoolSettings{maxSize=100, minSize=0, maxWaitTimeMS=120000, maxConnectionLifeTimeMS=0, maxConnectionIdleTimeMS=0, maintenanceInitialDelayMS=0, maintenanceFrequencyMS=60000, connectionPoolListeners=[], maxConnecting=2}, serverSettings=ServerSettings{heartbeatFrequencyMS=10000, minHeartbeatFrequencyMS=500, serverListeners='[]', serverMonitorListeners='[]'}, sslSettings=SslSettings{enabled=true, invalidHostNameAllowed=false, context=null}, applicationName='null', compressorList=[], uuidRepresentation=UNSPECIFIED, serverApi=null, autoEncryptionSettings=null, dnsClient=null, inetAddressResolver=null, contextProvider=null}
Mailtrap token loaded: true
Mailtrap token: 1dc8...
2026-04-28T09:55:16.435+05:30  INFO 4004 --- [backend] [           main] o.s.s.web.DefaultSecurityFilterChain     : Will secure any request with [org.springframework.security.web.session.DisableEncodeUrlFilter@54556723, org.springframework.security.web.context.request.async.WebAsyncManagerIntegrationFilter@6124dda2, org.springframework.security.web.context.SecurityContextHolderFilter@543da15, org.springframework.security.web.header.HeaderWriterFilter@26495639, org.springframework.web.filter.CorsFilter@380e33c2, org.springframework.security.web.authentication.logout.LogoutFilter@352c3d70, backend.Security.SecurityConfig$1@3bc891f2, org.springframework.security.oauth2.client.web.OAuth2AuthorizationRequestRedirectFilter@6bdedbbd, org.springframework.security.oauth2.client.web.OAuth2LoginAuthenticationFilter@2d230cff, org.springframework.security.web.authentication.ui.DefaultLoginPageGeneratingFilter@69de72ec, org.springframework.security.web.authentication.ui.DefaultLogoutPageGeneratingFilter@445b85d7, org.springframework.security.web.savedrequest.RequestCacheAwareFilter@cb318ac, org.springframework.security.web.servletapi.SecurityContextHolderAwareRequestFilter@6e668322, org.springframework.security.web.authentication.AnonymousAuthenticationFilter@3d59933, org.springframework.security.web.access.ExceptionTranslationFilter@3ea9a091, org.springframework.security.web.access.intercept.AuthorizationFilter@6ad112de]
2026-04-28T09:55:16.468+05:30  INFO 4004 --- [backend] [h7o.mongodb.net] org.mongodb.driver.cluster               : Adding discovered server ac-pzyzav7-shard-00-00.ampjh7o.mongodb.net:27017 to client view of cluster
2026-04-28T09:55:16.504+05:30  INFO 4004 --- [backend] [h7o.mongodb.net] org.mongodb.driver.cluster               : Adding discovered server ac-pzyzav7-shard-00-01.ampjh7o.mongodb.net:27017 to client view of cluster
2026-04-28T09:55:16.506+05:30  INFO 4004 --- [backend] [h7o.mongodb.net] org.mongodb.driver.cluster               : Adding discovered server ac-pzyzav7-shard-00-02.ampjh7o.mongodb.net:27017 to client view of cluster
2026-04-28T09:55:16.793+05:30  INFO 4004 --- [backend] [           main] backend.BackendApplicationTests          : Started BackendApplicationTests in 4.255 seconds (process running for 5.307)
2026-04-28T09:55:17.547+05:30  INFO 4004 --- [backend] [ngodb.net:27017] org.mongodb.driver.cluster               : Monitor thread successfully connected to server with description ServerDescription{address=ac-pzyzav7-shard-00-02.ampjh7o.mongodb.net:27017, type=REPLICA_SET_SECONDARY, state=CONNECTED, ok=true, minWireVersion=0, maxWireVersion=25, maxDocumentSize=16777216, logicalSessionTimeoutMinutes=30, roundTripTimeNanos=492035300, setName='atlas-iytn6p-shard-0', canonicalAddress=ac-pzyzav7-shard-00-02.ampjh7o.mongodb.net:27017, hosts=[ac-pzyzav7-shard-00-00.ampjh7o.mongodb.net:27017, ac-pzyzav7-shard-00-01.ampjh7o.mongodb.net:27017, ac-pzyzav7-shard-00-02.ampjh7o.mongodb.net:27017], passives=[], arbiters=[], primary='ac-pzyzav7-shard-00-01.ampjh7o.mongodb.net:27017', tagSet=TagSet{[Tag{name='availabilityZone', value='aps1-az2'}, Tag{name='cacheState', value='READY'}, Tag{name='diskState', value='READY'}, Tag{name='nodeType', value='ELECTABLE'}, Tag{name='provider', value='AWS'}, Tag{name='region', value='AP_SOUTH_1'}, Tag{name='workloadType', value='OPERATIONAL'}]}, electionId=null, setVersion=23, topologyVersion=TopologyVersion{processId=69e23dc24a173b207b5bb7c5, counter=3}, lastWriteDate=Tue Apr 28 09:55:18 IST 2026, lastUpdateTimeNanos=10347803481400}
2026-04-28T09:55:17.547+05:30  INFO 4004 --- [backend] [ngodb.net:27017] org.mongodb.driver.cluster               : Monitor thread successfully connected to server with description ServerDescription{address=ac-pzyzav7-shard-00-01.ampjh7o.mongodb.net:27017, type=REPLICA_SET_PRIMARY, state=CONNECTED, ok=true, minWireVersion=0, maxWireVersion=25, maxDocumentSize=16777216, logicalSessionTimeoutMinutes=30, roundTripTimeNanos=492071400, setName='atlas-iytn6p-shard-0', canonicalAddress=ac-pzyzav7-shard-00-01.ampjh7o.mongodb.net:27017, hosts=[ac-pzyzav7-shard-00-00.ampjh7o.mongodb.net:27017, ac-pzyzav7-shard-00-01.ampjh7o.mongodb.net:27017, ac-pzyzav7-shard-00-02.ampjh7o.mongodb.net:27017], passives=[], arbiters=[], primary='ac-pzyzav7-shard-00-01.ampjh7o.mongodb.net:27017', tagSet=TagSet{[Tag{name='availabilityZone', value='aps1-az3'}, Tag{name='cacheState', value='READY'}, Tag{name='diskState', value='READY'}, Tag{name='nodeType', value='ELECTABLE'}, Tag{name='provider', value='AWS'}, Tag{name='region', value='AP_SOUTH_1'}, Tag{name='workloadType', value='OPERATIONAL'}]}, electionId=7fffffff00000000000000c2, setVersion=23, topologyVersion=TopologyVersion{processId=69e23d76c321987632181b94, counter=6}, lastWriteDate=Tue Apr 28 09:55:18 IST 2026, lastUpdateTimeNanos=10347803481400}
2026-04-28T09:55:17.547+05:30  INFO 4004 --- [backend] [ngodb.net:27017] org.mongodb.driver.cluster               : Monitor thread successfully connected to server with description ServerDescription{address=ac-pzyzav7-shard-00-00.ampjh7o.mongodb.net:27017, type=REPLICA_SET_SECONDARY, state=CONNECTED, ok=true, minWireVersion=0, maxWireVersion=25, maxDocumentSize=16777216, logicalSessionTimeoutMinutes=30, roundTripTimeNanos=492070000, setName='atlas-iytn6p-shard-0', canonicalAddress=ac-pzyzav7-shard-00-00.ampjh7o.mongodb.net:27017, hosts=[ac-pzyzav7-shard-00-00.ampjh7o.mongodb.net:27017, ac-pzyzav7-shard-00-01.ampjh7o.mongodb.net:27017, ac-pzyzav7-shard-00-02.ampjh7o.mongodb.net:27017], passives=[], arbiters=[], primary='ac-pzyzav7-shard-00-01.ampjh7o.mongodb.net:27017', tagSet=TagSet{[Tag{name='availabilityZone', value='aps1-az1'}, Tag{name='cacheState', value='READY'}, Tag{name='diskState', value='READY'}, Tag{name='nodeType', value='ELECTABLE'}, Tag{name='provider', value='AWS'}, Tag{name='region', value='AP_SOUTH_1'}, Tag{name='workloadType', value='OPERATIONAL'}]}, electionId=null, setVersion=23, topologyVersion=TopologyVersion{processId=69e23d27e47a64e0c30343e1, counter=4}, lastWriteDate=Tue Apr 28 09:55:18 IST 2026, lastUpdateTimeNanos=10347803481400}
2026-04-28T09:55:17.549+05:30  INFO 4004 --- [backend] [ngodb.net:27017] org.mongodb.driver.cluster               : Discovered replica set primary ac-pzyzav7-shard-00-01.ampjh7o.mongodb.net:27017 with max election id 7fffffff00000000000000c2 and max set version 23
]]></system-out>
    <system-err><![CDATA[WARNING: A Java agent has been loaded dynamically (C:\Users\ADMIN\.m2\repository\net\bytebuddy\byte-buddy-agent\1.14.13\byte-buddy-agent-1.14.13.jar)
WARNING: If a serviceability tool is in use, please run with -XX:+EnableDynamicAgentLoading to hide this warning
WARNING: If a serviceability tool is not in use, please run with -Djdk.instrument.traceUsage for more information
WARNING: Dynamic loading of agents will be disallowed by default in a future release
]]></system-err>
  </testcase>
</testsuite>